[debug] [2025-07-09T16:30:16.180Z] ----------------------------------------------------------------------
[debug] [2025-07-09T16:30:16.185Z] Command:       /Users/user/.nvm/versions/node/v20.19.3/bin/node /Users/user/.nvm/versions/node/v20.19.3/bin/firebase deploy --only functions
[debug] [2025-07-09T16:30:16.185Z] CLI Version:   14.9.0
[debug] [2025-07-09T16:30:16.185Z] Platform:      darwin
[debug] [2025-07-09T16:30:16.186Z] Node Version:  v20.19.3
[debug] [2025-07-09T16:30:16.186Z] Time:          Wed Jul 09 2025 21:30:16 GMT+0500 (Pakistan Standard Time)
[debug] [2025-07-09T16:30:16.186Z] ----------------------------------------------------------------------
[debug] 
[debug] [2025-07-09T16:30:16.188Z] >>> [apiv2][query] GET https://firebase-public.firebaseio.com/cli.json [none]
[debug] [2025-07-09T16:30:16.534Z] > command requires scopes: ["email","openid","https://www.googleapis.com/auth/cloudplatformprojects.readonly","https://www.googleapis.com/auth/firebase","https://www.googleapis.com/auth/cloud-platform"]
[debug] [2025-07-09T16:30:16.535Z] > authorizing via signed-in user (m.waseemmirzaa@gmail.com)
[debug] [2025-07-09T16:30:16.535Z] [iam] checking project secrets-wedding for permissions ["cloudfunctions.functions.create","cloudfunctions.functions.delete","cloudfunctions.functions.get","cloudfunctions.functions.list","cloudfunctions.functions.update","cloudfunctions.operations.get","firebase.projects.get"]
[debug] [2025-07-09T16:30:16.536Z] Checked if tokens are valid: false, expires at: 1751767455028
[debug] [2025-07-09T16:30:16.536Z] Checked if tokens are valid: false, expires at: 1751767455028
[debug] [2025-07-09T16:30:16.537Z] > refreshing access token with scopes: []
[debug] [2025-07-09T16:30:16.538Z] >>> [apiv2][query] POST https://www.googleapis.com/oauth2/v3/token [none]
[debug] [2025-07-09T16:30:16.538Z] >>> [apiv2][body] POST https://www.googleapis.com/oauth2/v3/token [omitted]
[debug] [2025-07-09T16:30:16.973Z] <<< [apiv2][status] POST https://www.googleapis.com/oauth2/v3/token 200
[debug] [2025-07-09T16:30:16.973Z] <<< [apiv2][body] POST https://www.googleapis.com/oauth2/v3/token [omitted]
[debug] [2025-07-09T16:30:17.022Z] >>> [apiv2][query] POST https://cloudresourcemanager.googleapis.com/v1/projects/secrets-wedding:testIamPermissions [none]
[debug] [2025-07-09T16:30:17.023Z] >>> [apiv2][(partial)header] POST https://cloudresourcemanager.googleapis.com/v1/projects/secrets-wedding:testIamPermissions x-goog-quota-user=projects/secrets-wedding
[debug] [2025-07-09T16:30:17.023Z] >>> [apiv2][body] POST https://cloudresourcemanager.googleapis.com/v1/projects/secrets-wedding:testIamPermissions {"permissions":["cloudfunctions.functions.create","cloudfunctions.functions.delete","cloudfunctions.functions.get","cloudfunctions.functions.list","cloudfunctions.functions.update","cloudfunctions.operations.get","firebase.projects.get"]}
[debug] [2025-07-09T16:30:17.103Z] <<< [apiv2][status] GET https://firebase-public.firebaseio.com/cli.json 200
[debug] [2025-07-09T16:30:17.104Z] <<< [apiv2][body] GET https://firebase-public.firebaseio.com/cli.json {"cloudBuildErrorAfter":1594252800000,"cloudBuildWarnAfter":1590019200000,"defaultNode10After":1594252800000,"minVersion":"3.0.5","node8DeploysDisabledAfter":1613390400000,"node8RuntimeDisabledAfter":1615809600000,"node8WarnAfter":1600128000000}
[debug] [2025-07-09T16:30:18.531Z] <<< [apiv2][status] POST https://cloudresourcemanager.googleapis.com/v1/projects/secrets-wedding:testIamPermissions 200
[debug] [2025-07-09T16:30:18.531Z] <<< [apiv2][body] POST https://cloudresourcemanager.googleapis.com/v1/projects/secrets-wedding:testIamPermissions {"permissions":["cloudfunctions.functions.create","cloudfunctions.functions.delete","cloudfunctions.functions.get","cloudfunctions.functions.list","cloudfunctions.functions.update","cloudfunctions.operations.get","firebase.projects.get"]}
[debug] [2025-07-09T16:30:18.532Z] Checked if tokens are valid: true, expires at: 1752082215973
[debug] [2025-07-09T16:30:18.532Z] Checked if tokens are valid: true, expires at: 1752082215973
[debug] [2025-07-09T16:30:18.532Z] >>> [apiv2][query] POST https://iam.googleapis.com/v1/projects/secrets-wedding/serviceAccounts/secrets-wedding@appspot.gserviceaccount.com:testIamPermissions [none]
[debug] [2025-07-09T16:30:18.532Z] >>> [apiv2][body] POST https://iam.googleapis.com/v1/projects/secrets-wedding/serviceAccounts/secrets-wedding@appspot.gserviceaccount.com:testIamPermissions {"permissions":["iam.serviceAccounts.actAs"]}
[debug] [2025-07-09T16:30:20.147Z] <<< [apiv2][status] POST https://iam.googleapis.com/v1/projects/secrets-wedding/serviceAccounts/secrets-wedding@appspot.gserviceaccount.com:testIamPermissions 200
[debug] [2025-07-09T16:30:20.148Z] <<< [apiv2][body] POST https://iam.googleapis.com/v1/projects/secrets-wedding/serviceAccounts/secrets-wedding@appspot.gserviceaccount.com:testIamPermissions {"permissions":["iam.serviceAccounts.actAs"]}
[info] 
[info] === Deploying to 'secrets-wedding'...
[info] 
[info] i  deploying functions 
[debug] [2025-07-09T16:30:20.151Z] Checked if tokens are valid: true, expires at: 1752082215973
[debug] [2025-07-09T16:30:20.151Z] Checked if tokens are valid: true, expires at: 1752082215973
[debug] [2025-07-09T16:30:20.151Z] >>> [apiv2][query] GET https://cloudresourcemanager.googleapis.com/v1/projects/secrets-wedding [none]
[debug] [2025-07-09T16:30:20.483Z] <<< [apiv2][status] GET https://cloudresourcemanager.googleapis.com/v1/projects/secrets-wedding 200
[debug] [2025-07-09T16:30:20.483Z] <<< [apiv2][body] GET https://cloudresourcemanager.googleapis.com/v1/projects/secrets-wedding {"projectNumber":"969854232661","projectId":"secrets-wedding","lifecycleState":"ACTIVE","name":"four-secrets-wedding","labels":{"firebase":"enabled","firebase-core":"disabled"},"createTime":"2025-04-23T12:27:30.940368Z"}
[info] i  functions: preparing codebase default for deployment 
[info] i  functions: ensuring required API cloudfunctions.googleapis.com is enabled... 
[info] i  functions: ensuring required API cloudbuild.googleapis.com is enabled... 
[info] i  artifactregistry: ensuring required API artifactregistry.googleapis.com is enabled... 
[debug] [2025-07-09T16:30:20.486Z] Checked if tokens are valid: true, expires at: 1752082215973
[debug] [2025-07-09T16:30:20.486Z] Checked if tokens are valid: true, expires at: 1752082215973
[debug] [2025-07-09T16:30:20.486Z] >>> [apiv2][query] GET https://firebase.googleapis.com/v1beta1/projects/secrets-wedding/adminSdkConfig [none]
[debug] [2025-07-09T16:30:21.186Z] <<< [apiv2][status] GET https://firebase.googleapis.com/v1beta1/projects/secrets-wedding/adminSdkConfig 200
[debug] [2025-07-09T16:30:21.187Z] <<< [apiv2][body] GET https://firebase.googleapis.com/v1beta1/projects/secrets-wedding/adminSdkConfig {"projectId":"secrets-wedding","storageBucket":"secrets-wedding.firebasestorage.app"}
[debug] [2025-07-09T16:30:21.187Z] Checked if tokens are valid: true, expires at: 1752082215973
[debug] [2025-07-09T16:30:21.187Z] Checked if tokens are valid: true, expires at: 1752082215973
[debug] [2025-07-09T16:30:21.187Z] >>> [apiv2][query] GET https://runtimeconfig.googleapis.com/v1beta1/projects/secrets-wedding/configs [none]
[debug] [2025-07-09T16:30:21.779Z] <<< [apiv2][status] GET https://runtimeconfig.googleapis.com/v1beta1/projects/secrets-wedding/configs 200
[debug] [2025-07-09T16:30:21.779Z] <<< [apiv2][body] GET https://runtimeconfig.googleapis.com/v1beta1/projects/secrets-wedding/configs {"configs":[{"name":"projects/secrets-wedding/configs/email"},{"name":"projects/secrets-wedding/configs/smtp"}]}
[debug] [2025-07-09T16:30:21.780Z] Checked if tokens are valid: true, expires at: 1752082215973
[debug] [2025-07-09T16:30:21.780Z] Checked if tokens are valid: true, expires at: 1752082215973
[debug] [2025-07-09T16:30:21.780Z] Checked if tokens are valid: true, expires at: 1752082215973
[debug] [2025-07-09T16:30:21.780Z] Checked if tokens are valid: true, expires at: 1752082215973
[debug] [2025-07-09T16:30:21.780Z] >>> [apiv2][query] GET https://runtimeconfig.googleapis.com/v1beta1/projects/secrets-wedding/configs/email/variables [none]
[debug] [2025-07-09T16:30:21.781Z] >>> [apiv2][query] GET https://runtimeconfig.googleapis.com/v1beta1/projects/secrets-wedding/configs/smtp/variables [none]
[debug] [2025-07-09T16:30:22.147Z] <<< [apiv2][status] GET https://runtimeconfig.googleapis.com/v1beta1/projects/secrets-wedding/configs/email/variables 200
[debug] [2025-07-09T16:30:22.147Z] <<< [apiv2][body] GET https://runtimeconfig.googleapis.com/v1beta1/projects/secrets-wedding/configs/email/variables {"variables":[{"name":"projects/secrets-wedding/configs/email/variables/from","updateTime":"2025-07-06T00:47:47.075740854Z"}]}
[debug] [2025-07-09T16:30:22.148Z] Checked if tokens are valid: true, expires at: 1752082215973
[debug] [2025-07-09T16:30:22.148Z] Checked if tokens are valid: true, expires at: 1752082215973
[debug] [2025-07-09T16:30:22.148Z] >>> [apiv2][query] GET https://runtimeconfig.googleapis.com/v1beta1/projects/secrets-wedding/configs/email/variables/from [none]
[debug] [2025-07-09T16:30:22.334Z] <<< [apiv2][status] GET https://runtimeconfig.googleapis.com/v1beta1/projects/secrets-wedding/configs/smtp/variables 200
[debug] [2025-07-09T16:30:22.334Z] <<< [apiv2][body] GET https://runtimeconfig.googleapis.com/v1beta1/projects/secrets-wedding/configs/smtp/variables {"variables":[{"name":"projects/secrets-wedding/configs/smtp/variables/host","updateTime":"2025-07-06T00:47:47.332046952Z"},{"name":"projects/secrets-wedding/configs/smtp/variables/pass","updateTime":"2025-07-06T00:47:47.939003668Z"},{"name":"projects/secrets-wedding/configs/smtp/variables/user","updateTime":"2025-07-06T00:47:47.860519158Z"}]}
[debug] [2025-07-09T16:30:22.334Z] Checked if tokens are valid: true, expires at: 1752082215973
[debug] [2025-07-09T16:30:22.334Z] Checked if tokens are valid: true, expires at: 1752082215973
[debug] [2025-07-09T16:30:22.335Z] Checked if tokens are valid: true, expires at: 1752082215973
[debug] [2025-07-09T16:30:22.335Z] Checked if tokens are valid: true, expires at: 1752082215973
[debug] [2025-07-09T16:30:22.335Z] Checked if tokens are valid: true, expires at: 1752082215973
[debug] [2025-07-09T16:30:22.335Z] Checked if tokens are valid: true, expires at: 1752082215973
[debug] [2025-07-09T16:30:22.335Z] >>> [apiv2][query] GET https://runtimeconfig.googleapis.com/v1beta1/projects/secrets-wedding/configs/smtp/variables/host [none]
[debug] [2025-07-09T16:30:22.335Z] >>> [apiv2][query] GET https://runtimeconfig.googleapis.com/v1beta1/projects/secrets-wedding/configs/smtp/variables/pass [none]
[debug] [2025-07-09T16:30:22.338Z] >>> [apiv2][query] GET https://runtimeconfig.googleapis.com/v1beta1/projects/secrets-wedding/configs/smtp/variables/user [none]
[debug] [2025-07-09T16:30:22.544Z] <<< [apiv2][status] GET https://runtimeconfig.googleapis.com/v1beta1/projects/secrets-wedding/configs/email/variables/from 200
[debug] [2025-07-09T16:30:22.544Z] <<< [apiv2][body] GET https://runtimeconfig.googleapis.com/v1beta1/projects/secrets-wedding/configs/email/variables/from {"name":"projects/secrets-wedding/configs/email/variables/from","updateTime":"2025-07-06T00:47:47.075740854Z","text":"4secrets-wedding@gmx.de"}
[debug] [2025-07-09T16:30:22.670Z] <<< [apiv2][status] GET https://runtimeconfig.googleapis.com/v1beta1/projects/secrets-wedding/configs/smtp/variables/host 200
[debug] [2025-07-09T16:30:22.671Z] <<< [apiv2][body] GET https://runtimeconfig.googleapis.com/v1beta1/projects/secrets-wedding/configs/smtp/variables/host {"name":"projects/secrets-wedding/configs/smtp/variables/host","updateTime":"2025-07-06T00:47:47.332046952Z","text":"mail.gmx.net"}
[debug] [2025-07-09T16:30:22.896Z] <<< [apiv2][status] GET https://runtimeconfig.googleapis.com/v1beta1/projects/secrets-wedding/configs/smtp/variables/user 200
[debug] [2025-07-09T16:30:22.896Z] <<< [apiv2][body] GET https://runtimeconfig.googleapis.com/v1beta1/projects/secrets-wedding/configs/smtp/variables/user {"name":"projects/secrets-wedding/configs/smtp/variables/user","updateTime":"2025-07-06T00:47:47.860519158Z","text":"Wedding-App"}
[debug] [2025-07-09T16:30:22.905Z] <<< [apiv2][status] GET https://runtimeconfig.googleapis.com/v1beta1/projects/secrets-wedding/configs/smtp/variables/pass 200
[debug] [2025-07-09T16:30:22.905Z] <<< [apiv2][body] GET https://runtimeconfig.googleapis.com/v1beta1/projects/secrets-wedding/configs/smtp/variables/pass {"name":"projects/secrets-wedding/configs/smtp/variables/pass","updateTime":"2025-07-06T00:47:47.939003668Z","text":"4WZQZZ5N2QV3PE7MKR5D"}
[debug] [2025-07-09T16:30:22.908Z] Validating nodejs source
[warn] ⚠  functions: package.json indicates an outdated version of firebase-functions. Please upgrade using npm install --save firebase-functions@latest in your functions directory. 
[warn] ⚠  functions: Please note that there will be breaking changes when you upgrade. 
[debug] [2025-07-09T16:30:23.954Z] > [functions] package.json contents: {
  "name": "four-secrets-wedding-email-functions",
  "version": "1.0.0",
  "description": "4 Secrets Wedding Email Service - Firebase Cloud Functions",
  "main": "index.js",
  "scripts": {
    "lint": "echo 'Linting skipped'",
    "build": "echo 'No build step required'",
    "serve": "firebase emulators:start --only functions",
    "shell": "firebase functions:shell",
    "start": "npm run shell",
    "deploy": "firebase deploy --only functions",
    "logs": "firebase functions:log"
  },
  "engines": {
    "node": "20"
  },
  "dependencies": {
    "axios": "^1.10.0",
    "cors": "^2.8.5",
    "dotenv": "^16.6.1",
    "express": "^4.18.2",
    "firebase-functions": "^5.0.0",
    "helmet": "^7.1.0",
    "nodemailer": "^6.9.8",
    "winston": "^3.11.0"
  },
  "devDependencies": {
    "eslint": "^8.15.0",
    "eslint-config-google": "^0.14.0",
    "firebase-functions-test": "^3.1.0"
  },
  "private": true
}
[debug] [2025-07-09T16:30:23.954Z] Building nodejs source
[info] i  functions: Loading and analyzing source code for codebase default to determine what to deploy 
[debug] [2025-07-09T16:30:23.955Z] Could not find functions.yaml. Must use http discovery
[debug] [2025-07-09T16:30:23.968Z] Found firebase-functions binary at '/Users/user/Documents/augment-projects/four_wedding_functions_node/cloud-functions/email-service/functions/node_modules/.bin/firebase-functions'
[info] Serving at port 8818

[info] 🔄 Initializing Brevo API...
✅ Brevo API ready for email sending!

[info] info: ✅ Brevo API initialized successfully {"timestamp":"2025-07-09T16:30:26.693Z"}

[debug] [2025-07-09T16:30:26.709Z] Got response from /__/functions.yaml {"endpoints":{"emailService":{"platform":"gcfv1","availableMemoryMb":null,"timeoutSeconds":null,"minInstances":null,"maxInstances":null,"ingressSettings":null,"serviceAccountEmail":null,"vpc":null,"httpsTrigger":{},"entryPoint":"emailService"},"sendInvitation":{"platform":"gcfv1","labels":{},"availableMemoryMb":null,"timeoutSeconds":null,"minInstances":null,"maxInstances":null,"ingressSettings":null,"serviceAccountEmail":null,"vpc":null,"callableTrigger":{},"entryPoint":"sendInvitation"},"sendDeclined":{"platform":"gcfv1","labels":{},"availableMemoryMb":null,"timeoutSeconds":null,"minInstances":null,"maxInstances":null,"ingressSettings":null,"serviceAccountEmail":null,"vpc":null,"callableTrigger":{},"entryPoint":"sendDeclined"},"revokeAccess":{"platform":"gcfv1","labels":{},"availableMemoryMb":null,"timeoutSeconds":null,"minInstances":null,"maxInstances":null,"ingressSettings":null,"serviceAccountEmail":null,"vpc":null,"callableTrigger":{},"entryPoint":"revokeAccess"}},"specVersion":"v1alpha1","requiredAPIs":[],"extensions":{}}
[info] i  extensions: ensuring required API firebaseextensions.googleapis.com is enabled... 
[debug] [2025-07-09T16:30:30.869Z] > command requires scopes: ["email","openid","https://www.googleapis.com/auth/cloudplatformprojects.readonly","https://www.googleapis.com/auth/firebase","https://www.googleapis.com/auth/cloud-platform"]
[debug] [2025-07-09T16:30:30.870Z] > authorizing via signed-in user (m.waseemmirzaa@gmail.com)
[debug] [2025-07-09T16:30:30.870Z] [iam] checking project secrets-wedding for permissions ["firebase.projects.get","firebaseextensions.instances.list"]
[debug] [2025-07-09T16:30:30.870Z] Checked if tokens are valid: true, expires at: 1752082215973
[debug] [2025-07-09T16:30:30.870Z] Checked if tokens are valid: true, expires at: 1752082215973
[debug] [2025-07-09T16:30:30.870Z] >>> [apiv2][query] POST https://cloudresourcemanager.googleapis.com/v1/projects/secrets-wedding:testIamPermissions [none]
[debug] [2025-07-09T16:30:30.870Z] >>> [apiv2][(partial)header] POST https://cloudresourcemanager.googleapis.com/v1/projects/secrets-wedding:testIamPermissions x-goog-quota-user=projects/secrets-wedding
[debug] [2025-07-09T16:30:30.870Z] >>> [apiv2][body] POST https://cloudresourcemanager.googleapis.com/v1/projects/secrets-wedding:testIamPermissions {"permissions":["firebase.projects.get","firebaseextensions.instances.list"]}
[debug] [2025-07-09T16:30:32.348Z] <<< [apiv2][status] POST https://cloudresourcemanager.googleapis.com/v1/projects/secrets-wedding:testIamPermissions 200
[debug] [2025-07-09T16:30:32.349Z] <<< [apiv2][body] POST https://cloudresourcemanager.googleapis.com/v1/projects/secrets-wedding:testIamPermissions {"permissions":["firebase.projects.get","firebaseextensions.instances.list"]}
[debug] [2025-07-09T16:30:32.349Z] Checked if tokens are valid: true, expires at: 1752082215973
[debug] [2025-07-09T16:30:32.349Z] Checked if tokens are valid: true, expires at: 1752082215973
[debug] [2025-07-09T16:30:32.351Z] >>> [apiv2][query] GET https://firebaseextensions.googleapis.com/v1beta/projects/secrets-wedding/instances pageSize=100&pageToken=
[debug] [2025-07-09T16:30:34.143Z] <<< [apiv2][status] GET https://firebaseextensions.googleapis.com/v1beta/projects/secrets-wedding/instances 200
[debug] [2025-07-09T16:30:34.143Z] <<< [apiv2][body] GET https://firebaseextensions.googleapis.com/v1beta/projects/secrets-wedding/instances {}
[info] i  functions: Loaded environment variables from .env. 
[info] i  functions: preparing functions directory for uploading... 
[info] i  functions: packaged /Users/user/Documents/augment-projects/four_wedding_functions_node/cloud-functions/email-service/functions (89.9 KB) for uploading 
[debug] [2025-07-09T16:30:34.194Z] Checked if tokens are valid: true, expires at: 1752082215973
[debug] [2025-07-09T16:30:34.194Z] Checked if tokens are valid: true, expires at: 1752082215973
[debug] [2025-07-09T16:30:34.194Z] >>> [apiv2][query] GET https://cloudfunctions.googleapis.com/v1/projects/secrets-wedding/locations/-/functions [none]
[debug] [2025-07-09T16:30:35.094Z] <<< [apiv2][status] GET https://cloudfunctions.googleapis.com/v1/projects/secrets-wedding/locations/-/functions 200
[debug] [2025-07-09T16:30:35.094Z] <<< [apiv2][body] GET https://cloudfunctions.googleapis.com/v1/projects/secrets-wedding/locations/-/functions {"functions":[{"name":"projects/secrets-wedding/locations/us-central1/functions/emailService","httpsTrigger":{"url":"https://us-central1-secrets-wedding.cloudfunctions.net/emailService","securityLevel":"SECURE_ALWAYS"},"status":"ACTIVE","entryPoint":"emailService","timeout":"60s","availableMemoryMb":256,"serviceAccountEmail":"secrets-wedding@appspot.gserviceaccount.com","updateTime":"2025-07-06T01:25:27.127Z","versionId":"18","labels":{"deployment-tool":"cli-firebase","firebase-functions-hash":"c47913d75ed69b42491b0fdc45084a7c7b52e6ff"},"sourceUploadUrl":"https://storage.googleapis.com/uploads-289104099288.us-central1.cloudfunctions.appspot.com/3ea35873-3a37-4be4-a203-cdbc9923d3c4.zip","environmentVariables":{"SMTP_HOST":"mail.gmx.net","SMTP_USER":"Wedding-App","SMTP_PASS":"4WZQZZ5N2QV3PE7MKR5D","EMAIL_FROM":"4secrets-wedding@gmx.de","FIREBASE_CONFIG":"{\"projectId\":\"secrets-wedding\",\"storageBucket\":\"secrets-wedding.firebasestorage.app\"}","GCLOUD_PROJECT":"secrets-wedding","EVENTARC_CLOUD_EVENT_SOURCE":"projects/secrets-wedding/locations/us-central1/functions/emailService"},"runtime":"nodejs20","ingressSettings":"ALLOW_ALL","buildId":"f18f54e3-a511-4b38-bf8d-42f4373b2a01","buildEnvironmentVariables":{"GOOGLE_NODE_RUN_SCRIPTS":""},"buildName":"projects/969854232661/locations/us-central1/builds/f18f54e3-a511-4b38-bf8d-42f4373b2a01","dockerRegistry":"ARTIFACT_REGISTRY","automaticUpdatePolicy":{},"buildServiceAccount":"projects/secrets-wedding/serviceAccounts/969854232661-compute@developer.gserviceaccount.com","satisfiesPzi":true},{"name":"projects/secrets-wedding/locations/us-central1/functions/revokeAccess","httpsTrigger":{"url":"https://us-central1-secrets-wedding.cloudfunctions.net/revokeAccess","securityLevel":"SECURE_ALWAYS"},"status":"ACTIVE","entryPoint":"revokeAccess","timeout":"60s","availableMemoryMb":256,"serviceAccountEmail":"secrets-wedding@appspot.gserviceaccount.com","updateTime":"2025-07-06T01:25:31.350Z","versionId":"12","labels":{"firebase-functions-hash":"c47913d75ed69b42491b0fdc45084a7c7b52e6ff","deployment-tool":"cli-firebase","deployment-callable":"true"},"sourceUploadUrl":"https://storage.googleapis.com/uploads-289104099288.us-central1.cloudfunctions.appspot.com/3ea35873-3a37-4be4-a203-cdbc9923d3c4.zip","environmentVariables":{"SMTP_HOST":"mail.gmx.net","SMTP_USER":"Wedding-App","SMTP_PASS":"4WZQZZ5N2QV3PE7MKR5D","EMAIL_FROM":"4secrets-wedding@gmx.de","FIREBASE_CONFIG":"{\"projectId\":\"secrets-wedding\",\"storageBucket\":\"secrets-wedding.firebasestorage.app\"}","GCLOUD_PROJECT":"secrets-wedding","EVENTARC_CLOUD_EVENT_SOURCE":"projects/secrets-wedding/locations/us-central1/functions/revokeAccess"},"runtime":"nodejs20","ingressSettings":"ALLOW_ALL","buildId":"f18f54e3-a511-4b38-bf8d-42f4373b2a01","buildEnvironmentVariables":{"GOOGLE_NODE_RUN_SCRIPTS":""},"buildName":"projects/969854232661/locations/us-central1/builds/f18f54e3-a511-4b38-bf8d-42f4373b2a01","dockerRegistry":"ARTIFACT_REGISTRY","automaticUpdatePolicy":{},"buildServiceAccount":"projects/secrets-wedding/serviceAccounts/969854232661-compute@developer.gserviceaccount.com","satisfiesPzi":true},{"name":"projects/secrets-wedding/locations/us-central1/functions/sendDeclined","httpsTrigger":{"url":"https://us-central1-secrets-wedding.cloudfunctions.net/sendDeclined","securityLevel":"SECURE_ALWAYS"},"status":"ACTIVE","entryPoint":"sendDeclined","timeout":"60s","availableMemoryMb":256,"serviceAccountEmail":"secrets-wedding@appspot.gserviceaccount.com","updateTime":"2025-07-06T01:25:34.951Z","versionId":"12","labels":{"deployment-tool":"cli-firebase","deployment-callable":"true","firebase-functions-hash":"c47913d75ed69b42491b0fdc45084a7c7b52e6ff"},"sourceUploadUrl":"https://storage.googleapis.com/uploads-289104099288.us-central1.cloudfunctions.appspot.com/3ea35873-3a37-4be4-a203-cdbc9923d3c4.zip","environmentVariables":{"SMTP_HOST":"mail.gmx.net","SMTP_USER":"Wedding-App","SMTP_PASS":"4WZQZZ5N2QV3PE7MKR5D","EMAIL_FROM":"4secrets-wedding@gmx.de","FIREBASE_CONFIG":"{\"projectId\":\"secrets-wedding\",\"storageBucket\":\"secrets-wedding.firebasestorage.app\"}","GCLOUD_PROJECT":"secrets-wedding","EVENTARC_CLOUD_EVENT_SOURCE":"projects/secrets-wedding/locations/us-central1/functions/sendDeclined"},"runtime":"nodejs20","ingressSettings":"ALLOW_ALL","buildId":"f18f54e3-a511-4b38-bf8d-42f4373b2a01","buildEnvironmentVariables":{"GOOGLE_NODE_RUN_SCRIPTS":""},"buildName":"projects/969854232661/locations/us-central1/builds/f18f54e3-a511-4b38-bf8d-42f4373b2a01","dockerRegistry":"ARTIFACT_REGISTRY","automaticUpdatePolicy":{},"buildServiceAccount":"projects/secrets-wedding/serviceAccounts/969854232661-compute@developer.gserviceaccount.com","satisfiesPzi":true},{"name":"projects/secrets-wedding/locations/us-central1/functions/sendInvitation","httpsTrigger":{"url":"https://us-central1-secrets-wedding.cloudfunctions.net/sendInvitation","securityLevel":"SECURE_ALWAYS"},"status":"ACTIVE","entryPoint":"sendInvitation","timeout":"60s","availableMemoryMb":256,"serviceAccountEmail":"secrets-wedding@appspot.gserviceaccount.com","updateTime":"2025-07-06T01:25:30.850Z","versionId":"12","labels":{"deployment-tool":"cli-firebase","deployment-callable":"true","firebase-functions-hash":"c47913d75ed69b42491b0fdc45084a7c7b52e6ff"},"sourceUploadUrl":"https://storage.googleapis.com/uploads-289104099288.us-central1.cloudfunctions.appspot.com/3ea35873-3a37-4be4-a203-cdbc9923d3c4.zip","environmentVariables":{"SMTP_HOST":"mail.gmx.net","SMTP_USER":"Wedding-App","SMTP_PASS":"4WZQZZ5N2QV3PE7MKR5D","EMAIL_FROM":"4secrets-wedding@gmx.de","FIREBASE_CONFIG":"{\"projectId\":\"secrets-wedding\",\"storageBucket\":\"secrets-wedding.firebasestorage.app\"}","GCLOUD_PROJECT":"secrets-wedding","EVENTARC_CLOUD_EVENT_SOURCE":"projects/secrets-wedding/locations/us-central1/functions/sendInvitation"},"runtime":"nodejs20","ingressSettings":"ALLOW_ALL","buildId":"f18f54e3-a511-4b38-bf8d-42f4373b2a01","buildEnvironmentVariables":{"GOOGLE_NODE_RUN_SCRIPTS":""},"buildName":"projects/969854232661/locations/us-central1/builds/f18f54e3-a511-4b38-bf8d-42f4373b2a01","dockerRegistry":"ARTIFACT_REGISTRY","automaticUpdatePolicy":{},"buildServiceAccount":"projects/secrets-wedding/serviceAccounts/969854232661-compute@developer.gserviceaccount.com","satisfiesPzi":true}]}
[debug] [2025-07-09T16:30:35.095Z] Checked if tokens are valid: true, expires at: 1752082215973
[debug] [2025-07-09T16:30:35.095Z] Checked if tokens are valid: true, expires at: 1752082215973
[debug] [2025-07-09T16:30:35.095Z] >>> [apiv2][query] GET https://cloudfunctions.googleapis.com/v2/projects/secrets-wedding/locations/-/functions filter=environment%3D%22GEN_2%22
[debug] [2025-07-09T16:30:36.178Z] <<< [apiv2][status] GET https://cloudfunctions.googleapis.com/v2/projects/secrets-wedding/locations/-/functions 200
[debug] [2025-07-09T16:30:36.178Z] <<< [apiv2][body] GET https://cloudfunctions.googleapis.com/v2/projects/secrets-wedding/locations/-/functions {}
[debug] [2025-07-09T16:30:36.182Z] Checked if tokens are valid: true, expires at: 1752082215973
[debug] [2025-07-09T16:30:36.182Z] Checked if tokens are valid: true, expires at: 1752082215973
[debug] [2025-07-09T16:30:36.182Z] >>> [apiv2][query] GET https://cloudresourcemanager.googleapis.com/v1/projects/secrets-wedding [none]
[debug] [2025-07-09T16:30:36.517Z] <<< [apiv2][status] GET https://cloudresourcemanager.googleapis.com/v1/projects/secrets-wedding 200
[debug] [2025-07-09T16:30:36.517Z] <<< [apiv2][body] GET https://cloudresourcemanager.googleapis.com/v1/projects/secrets-wedding {"projectNumber":"969854232661","projectId":"secrets-wedding","lifecycleState":"ACTIVE","name":"four-secrets-wedding","labels":{"firebase":"enabled","firebase-core":"disabled"},"createTime":"2025-04-23T12:27:30.940368Z"}
[debug] [2025-07-09T16:30:36.518Z] Checked if tokens are valid: true, expires at: 1752082215973
[debug] [2025-07-09T16:30:36.518Z] Checked if tokens are valid: true, expires at: 1752082215973
[debug] [2025-07-09T16:30:36.518Z] >>> [apiv2][query] GET https://cloudbilling.googleapis.com/v1/projects/secrets-wedding/billingInfo [none]
[debug] [2025-07-09T16:30:37.588Z] <<< [apiv2][status] GET https://cloudbilling.googleapis.com/v1/projects/secrets-wedding/billingInfo 200
[debug] [2025-07-09T16:30:37.588Z] <<< [apiv2][body] GET https://cloudbilling.googleapis.com/v1/projects/secrets-wedding/billingInfo {"name":"projects/secrets-wedding/billingInfo","projectId":"secrets-wedding","billingAccountName":"billingAccounts/018A96-DADEF1-AE1B94","billingEnabled":true}
[debug] [2025-07-09T16:30:37.590Z] Checked if tokens are valid: true, expires at: 1752082215973
[debug] [2025-07-09T16:30:37.590Z] Checked if tokens are valid: true, expires at: 1752082215973
[debug] [2025-07-09T16:30:37.590Z] >>> [apiv2][query] POST https://cloudfunctions.googleapis.com/v1/projects/secrets-wedding/locations/us-central1/functions:generateUploadUrl [none]
[debug] [2025-07-09T16:30:37.590Z] >>> [apiv2][body] POST https://cloudfunctions.googleapis.com/v1/projects/secrets-wedding/locations/us-central1/functions:generateUploadUrl {}
[debug] [2025-07-09T16:30:38.289Z] <<< [apiv2][status] POST https://cloudfunctions.googleapis.com/v1/projects/secrets-wedding/locations/us-central1/functions:generateUploadUrl 200
[debug] [2025-07-09T16:30:38.289Z] <<< [apiv2][body] POST https://cloudfunctions.googleapis.com/v1/projects/secrets-wedding/locations/us-central1/functions:generateUploadUrl {"uploadUrl":"https://storage.googleapis.com/uploads-289104099288.us-central1.cloudfunctions.appspot.com/65ddb5cd-3a85-45ea-bc8a-84c768db0f66.zip?GoogleAccessId=service-969854232661@gcf-admin-robot.iam.gserviceaccount.com&Expires=1752080438&Signature=qAw4izNTh%2FyyPkzUV8WoVBNsJF6QUsLwdIa%2BlYQNdymv19gttO4BtkCkMYFzbqU9J8cgYOcVFpbmgyPGZ9VvvmosBEzN73oSJoVpKf4O2LvYvv9NI3Ba3un%2BgEEQCtTXil4OHtn%2BCbRq8Y8A9iM1cIt48EAZJNTg3J%2B9nTJSU9ezQ1ljpNleuXFE4mBsT3aVXZM9y7rrNxep2VQrCIaXy7dJ1iQ8o%2BoaAR%2FjldJo5nFvLl6yIkR%2Ffo4W3ab45iIp8F8kKsD5IXzrfdMmP05mMhKYtgezyQ9Sn4rH7HE%2Br%2BUWXO%2F27RnksqAErxGN%2B%2FMn2dmOVDrKlRLC3Z7QBAgqjw%3D%3D"}
[debug] [2025-07-09T16:30:38.292Z] >>> [apiv2][query] PUT https://storage.googleapis.com/uploads-289104099288.us-central1.cloudfunctions.appspot.com/65ddb5cd-3a85-45ea-bc8a-84c768db0f66.zip GoogleAccessId=service-969854232661%40gcf-admin-robot.iam.gserviceaccount.com&Expires=1752080438&Signature=qAw4izNTh%2FyyPkzUV8WoVBNsJF6QUsLwdIa%2BlYQNdymv19gttO4BtkCkMYFzbqU9J8cgYOcVFpbmgyPGZ9VvvmosBEzN73oSJoVpKf4O2LvYvv9NI3Ba3un%2BgEEQCtTXil4OHtn%2BCbRq8Y8A9iM1cIt48EAZJNTg3J%2B9nTJSU9ezQ1ljpNleuXFE4mBsT3aVXZM9y7rrNxep2VQrCIaXy7dJ1iQ8o%2BoaAR%2FjldJo5nFvLl6yIkR%2Ffo4W3ab45iIp8F8kKsD5IXzrfdMmP05mMhKYtgezyQ9Sn4rH7HE%2Br%2BUWXO%2F27RnksqAErxGN%2B%2FMn2dmOVDrKlRLC3Z7QBAgqjw%3D%3D
[debug] [2025-07-09T16:30:38.292Z] >>> [apiv2][body] PUT https://storage.googleapis.com/uploads-289104099288.us-central1.cloudfunctions.appspot.com/65ddb5cd-3a85-45ea-bc8a-84c768db0f66.zip [stream]
[debug] [2025-07-09T16:30:39.475Z] <<< [apiv2][status] PUT https://storage.googleapis.com/uploads-289104099288.us-central1.cloudfunctions.appspot.com/65ddb5cd-3a85-45ea-bc8a-84c768db0f66.zip 200
[debug] [2025-07-09T16:30:39.475Z] <<< [apiv2][body] PUT https://storage.googleapis.com/uploads-289104099288.us-central1.cloudfunctions.appspot.com/65ddb5cd-3a85-45ea-bc8a-84c768db0f66.zip [omitted]
[info] ✔  functions: functions folder uploaded successfully 
[info] i  functions: updating Node.js 20 (1st Gen) function emailService(us-central1)... 
[info] i  functions: updating Node.js 20 (1st Gen) function sendInvitation(us-central1)... 
[info] i  functions: updating Node.js 20 (1st Gen) function sendDeclined(us-central1)... 
[info] i  functions: updating Node.js 20 (1st Gen) function revokeAccess(us-central1)... 
[debug] [2025-07-09T16:30:39.479Z] Checked if tokens are valid: true, expires at: 1752082215973
[debug] [2025-07-09T16:30:39.479Z] Checked if tokens are valid: true, expires at: 1752082215973
[debug] [2025-07-09T16:30:39.479Z] >>> [apiv2][query] PATCH https://cloudfunctions.googleapis.com/v1/projects/secrets-wedding/locations/us-central1/functions/emailService updateMask=name%2CsourceUploadUrl%2CentryPoint%2Cruntime%2CdockerRegistry%2Clabels%2ChttpsTrigger.securityLevel%2CminInstances%2CmaxInstances%2CingressSettings%2CenvironmentVariables%2CserviceAccountEmail%2CavailableMemoryMb%2Ctimeout%2CvpcConnector%2CvpcConnectorEgressSettings%2CsourceToken%2CbuildEnvironmentVariables
[debug] [2025-07-09T16:30:39.479Z] >>> [apiv2][body] PATCH https://cloudfunctions.googleapis.com/v1/projects/secrets-wedding/locations/us-central1/functions/emailService {"name":"projects/secrets-wedding/locations/us-central1/functions/emailService","sourceUploadUrl":"https://storage.googleapis.com/uploads-289104099288.us-central1.cloudfunctions.appspot.com/65ddb5cd-3a85-45ea-bc8a-84c768db0f66.zip?GoogleAccessId=service-969854232661@gcf-admin-robot.iam.gserviceaccount.com&Expires=1752080438&Signature=qAw4izNTh%2FyyPkzUV8WoVBNsJF6QUsLwdIa%2BlYQNdymv19gttO4BtkCkMYFzbqU9J8cgYOcVFpbmgyPGZ9VvvmosBEzN73oSJoVpKf4O2LvYvv9NI3Ba3un%2BgEEQCtTXil4OHtn%2BCbRq8Y8A9iM1cIt48EAZJNTg3J%2B9nTJSU9ezQ1ljpNleuXFE4mBsT3aVXZM9y7rrNxep2VQrCIaXy7dJ1iQ8o%2BoaAR%2FjldJo5nFvLl6yIkR%2Ffo4W3ab45iIp8F8kKsD5IXzrfdMmP05mMhKYtgezyQ9Sn4rH7HE%2Br%2BUWXO%2F27RnksqAErxGN%2B%2FMn2dmOVDrKlRLC3Z7QBAgqjw%3D%3D","entryPoint":"emailService","runtime":"nodejs20","dockerRegistry":"ARTIFACT_REGISTRY","labels":{"deployment-tool":"cli-firebase","firebase-functions-hash":"2b97f97ce78fd50481609298e58fe0a44f0e7d0e"},"httpsTrigger":{"securityLevel":"SECURE_ALWAYS"},"minInstances":null,"maxInstances":null,"ingressSettings":null,"environmentVariables":{"SMTP_HOST":"mail.gmx.net","SMTP_USER":"Wedding-App","SMTP_PASS":"4WZQZZ5N2QV3PE7MKR5D","EMAIL_FROM":"4secrets-wedding@gmx.de","FIREBASE_CONFIG":"{\"projectId\":\"secrets-wedding\",\"storageBucket\":\"secrets-wedding.firebasestorage.app\"}","GCLOUD_PROJECT":"secrets-wedding","EVENTARC_CLOUD_EVENT_SOURCE":"projects/secrets-wedding/locations/us-central1/functions/emailService"},"serviceAccountEmail":null,"availableMemoryMb":null,"timeout":null,"vpcConnector":null,"vpcConnectorEgressSettings":null,"buildEnvironmentVariables":{"GOOGLE_NODE_RUN_SCRIPTS":""}}
[debug] [2025-07-09T16:30:40.184Z] <<< [apiv2][status] PATCH https://cloudfunctions.googleapis.com/v1/projects/secrets-wedding/locations/us-central1/functions/emailService 200
[debug] [2025-07-09T16:30:40.184Z] <<< [apiv2][body] PATCH https://cloudfunctions.googleapis.com/v1/projects/secrets-wedding/locations/us-central1/functions/emailService {"name":"operations/c2VjcmV0cy13ZWRkaW5nL3VzLWNlbnRyYWwxL2VtYWlsU2VydmljZS9SZVpyTkRUYTdYQQ","metadata":{"@type":"type.googleapis.com/google.cloud.functions.v1.OperationMetadataV1","target":"projects/secrets-wedding/locations/us-central1/functions/emailService","type":"UPDATE_FUNCTION","request":{"@type":"type.googleapis.com/google.cloud.functions.v1.CloudFunction","name":"projects/secrets-wedding/locations/us-central1/functions/emailService","httpsTrigger":{"url":"https://us-central1-secrets-wedding.cloudfunctions.net/emailService","securityLevel":"SECURE_ALWAYS"},"status":"ACTIVE","entryPoint":"emailService","updateTime":"2025-07-06T01:25:27.127Z","versionId":"18","labels":{"deployment-tool":"cli-firebase","firebase-functions-hash":"2b97f97ce78fd50481609298e58fe0a44f0e7d0e"},"sourceUploadUrl":"https://storage.googleapis.com/uploads-289104099288.us-central1.cloudfunctions.appspot.com/65ddb5cd-3a85-45ea-bc8a-84c768db0f66.zip?GoogleAccessId=service-969854232661@gcf-admin-robot.iam.gserviceaccount.com&Expires=1752080438&Signature=qAw4izNTh%2FyyPkzUV8WoVBNsJF6QUsLwdIa%2BlYQNdymv19gttO4BtkCkMYFzbqU9J8cgYOcVFpbmgyPGZ9VvvmosBEzN73oSJoVpKf4O2LvYvv9NI3Ba3un%2BgEEQCtTXil4OHtn%2BCbRq8Y8A9iM1cIt48EAZJNTg3J%2B9nTJSU9ezQ1ljpNleuXFE4mBsT3aVXZM9y7rrNxep2VQrCIaXy7dJ1iQ8o%2BoaAR%2FjldJo5nFvLl6yIkR%2Ffo4W3ab45iIp8F8kKsD5IXzrfdMmP05mMhKYtgezyQ9Sn4rH7HE%2Br%2BUWXO%2F27RnksqAErxGN%2B%2FMn2dmOVDrKlRLC3Z7QBAgqjw%3D%3D","environmentVariables":{"SMTP_HOST":"mail.gmx.net","SMTP_USER":"Wedding-App","SMTP_PASS":"4WZQZZ5N2QV3PE7MKR5D","EMAIL_FROM":"4secrets-wedding@gmx.de","FIREBASE_CONFIG":"{\"projectId\":\"secrets-wedding\",\"storageBucket\":\"secrets-wedding.firebasestorage.app\"}","GCLOUD_PROJECT":"secrets-wedding","EVENTARC_CLOUD_EVENT_SOURCE":"projects/secrets-wedding/locations/us-central1/functions/emailService"},"runtime":"nodejs20","buildId":"f18f54e3-a511-4b38-bf8d-42f4373b2a01","buildEnvironmentVariables":{"GOOGLE_NODE_RUN_SCRIPTS":""},"buildName":"projects/969854232661/locations/us-central1/builds/f18f54e3-a511-4b38-bf8d-42f4373b2a01","dockerRegistry":"ARTIFACT_REGISTRY","automaticUpdatePolicy":{},"buildServiceAccount":"projects/secrets-wedding/serviceAccounts/969854232661-compute@developer.gserviceaccount.com"},"versionId":"19","updateTime":"2025-07-09T16:30:40Z"}}
[debug] [2025-07-09T16:30:40.185Z] Checked if tokens are valid: true, expires at: 1752082215973
[debug] [2025-07-09T16:30:40.185Z] Checked if tokens are valid: true, expires at: 1752082215973
[debug] [2025-07-09T16:30:40.185Z] >>> [apiv2][query] GET https://cloudfunctions.googleapis.com/v1/operations/c2VjcmV0cy13ZWRkaW5nL3VzLWNlbnRyYWwxL2VtYWlsU2VydmljZS9SZVpyTkRUYTdYQQ [none]
[debug] [2025-07-09T16:30:40.524Z] <<< [apiv2][status] GET https://cloudfunctions.googleapis.com/v1/operations/c2VjcmV0cy13ZWRkaW5nL3VzLWNlbnRyYWwxL2VtYWlsU2VydmljZS9SZVpyTkRUYTdYQQ 200
[debug] [2025-07-09T16:30:40.524Z] <<< [apiv2][body] GET https://cloudfunctions.googleapis.com/v1/operations/c2VjcmV0cy13ZWRkaW5nL3VzLWNlbnRyYWwxL2VtYWlsU2VydmljZS9SZVpyTkRUYTdYQQ {"name":"operations/c2VjcmV0cy13ZWRkaW5nL3VzLWNlbnRyYWwxL2VtYWlsU2VydmljZS9SZVpyTkRUYTdYQQ","metadata":{"@type":"type.googleapis.com/google.cloud.functions.v1.OperationMetadataV1","target":"projects/secrets-wedding/locations/us-central1/functions/emailService","type":"UPDATE_FUNCTION","request":{"@type":"type.googleapis.com/google.cloud.functions.v1.CloudFunction","name":"projects/secrets-wedding/locations/us-central1/functions/emailService","httpsTrigger":{"url":"https://us-central1-secrets-wedding.cloudfunctions.net/emailService","securityLevel":"SECURE_ALWAYS"},"status":"ACTIVE","entryPoint":"emailService","updateTime":"2025-07-06T01:25:27.127Z","versionId":"18","labels":{"deployment-tool":"cli-firebase","firebase-functions-hash":"2b97f97ce78fd50481609298e58fe0a44f0e7d0e"},"sourceUploadUrl":"https://storage.googleapis.com/uploads-289104099288.us-central1.cloudfunctions.appspot.com/65ddb5cd-3a85-45ea-bc8a-84c768db0f66.zip?GoogleAccessId=service-969854232661@gcf-admin-robot.iam.gserviceaccount.com&Expires=1752080438&Signature=qAw4izNTh%2FyyPkzUV8WoVBNsJF6QUsLwdIa%2BlYQNdymv19gttO4BtkCkMYFzbqU9J8cgYOcVFpbmgyPGZ9VvvmosBEzN73oSJoVpKf4O2LvYvv9NI3Ba3un%2BgEEQCtTXil4OHtn%2BCbRq8Y8A9iM1cIt48EAZJNTg3J%2B9nTJSU9ezQ1ljpNleuXFE4mBsT3aVXZM9y7rrNxep2VQrCIaXy7dJ1iQ8o%2BoaAR%2FjldJo5nFvLl6yIkR%2Ffo4W3ab45iIp8F8kKsD5IXzrfdMmP05mMhKYtgezyQ9Sn4rH7HE%2Br%2BUWXO%2F27RnksqAErxGN%2B%2FMn2dmOVDrKlRLC3Z7QBAgqjw%3D%3D","environmentVariables":{"SMTP_HOST":"mail.gmx.net","SMTP_USER":"Wedding-App","SMTP_PASS":"4WZQZZ5N2QV3PE7MKR5D","EMAIL_FROM":"4secrets-wedding@gmx.de","FIREBASE_CONFIG":"{\"projectId\":\"secrets-wedding\",\"storageBucket\":\"secrets-wedding.firebasestorage.app\"}","GCLOUD_PROJECT":"secrets-wedding","EVENTARC_CLOUD_EVENT_SOURCE":"projects/secrets-wedding/locations/us-central1/functions/emailService"},"runtime":"nodejs20","buildId":"f18f54e3-a511-4b38-bf8d-42f4373b2a01","buildEnvironmentVariables":{"GOOGLE_NODE_RUN_SCRIPTS":""},"buildName":"projects/969854232661/locations/us-central1/builds/f18f54e3-a511-4b38-bf8d-42f4373b2a01","dockerRegistry":"ARTIFACT_REGISTRY","automaticUpdatePolicy":{},"buildServiceAccount":"projects/secrets-wedding/serviceAccounts/969854232661-compute@developer.gserviceaccount.com"},"versionId":"19","updateTime":"2025-07-09T16:30:40Z"}}
[debug] [2025-07-09T16:30:41.026Z] [update-default-us-central1-emailService] Retrying task index 0
[debug] [2025-07-09T16:30:41.026Z] Checked if tokens are valid: true, expires at: 1752082215973
[debug] [2025-07-09T16:30:41.027Z] Checked if tokens are valid: true, expires at: 1752082215973
[debug] [2025-07-09T16:30:41.027Z] >>> [apiv2][query] GET https://cloudfunctions.googleapis.com/v1/operations/c2VjcmV0cy13ZWRkaW5nL3VzLWNlbnRyYWwxL2VtYWlsU2VydmljZS9SZVpyTkRUYTdYQQ [none]
[debug] [2025-07-09T16:30:41.370Z] <<< [apiv2][status] GET https://cloudfunctions.googleapis.com/v1/operations/c2VjcmV0cy13ZWRkaW5nL3VzLWNlbnRyYWwxL2VtYWlsU2VydmljZS9SZVpyTkRUYTdYQQ 200
[debug] [2025-07-09T16:30:41.370Z] <<< [apiv2][body] GET https://cloudfunctions.googleapis.com/v1/operations/c2VjcmV0cy13ZWRkaW5nL3VzLWNlbnRyYWwxL2VtYWlsU2VydmljZS9SZVpyTkRUYTdYQQ {"name":"operations/c2VjcmV0cy13ZWRkaW5nL3VzLWNlbnRyYWwxL2VtYWlsU2VydmljZS9SZVpyTkRUYTdYQQ","metadata":{"@type":"type.googleapis.com/google.cloud.functions.v1.OperationMetadataV1","target":"projects/secrets-wedding/locations/us-central1/functions/emailService","type":"UPDATE_FUNCTION","request":{"@type":"type.googleapis.com/google.cloud.functions.v1.CloudFunction","name":"projects/secrets-wedding/locations/us-central1/functions/emailService","httpsTrigger":{"url":"https://us-central1-secrets-wedding.cloudfunctions.net/emailService","securityLevel":"SECURE_ALWAYS"},"status":"ACTIVE","entryPoint":"emailService","updateTime":"2025-07-06T01:25:27.127Z","versionId":"18","labels":{"deployment-tool":"cli-firebase","firebase-functions-hash":"2b97f97ce78fd50481609298e58fe0a44f0e7d0e"},"sourceUploadUrl":"https://storage.googleapis.com/uploads-289104099288.us-central1.cloudfunctions.appspot.com/65ddb5cd-3a85-45ea-bc8a-84c768db0f66.zip?GoogleAccessId=service-969854232661@gcf-admin-robot.iam.gserviceaccount.com&Expires=1752080438&Signature=qAw4izNTh%2FyyPkzUV8WoVBNsJF6QUsLwdIa%2BlYQNdymv19gttO4BtkCkMYFzbqU9J8cgYOcVFpbmgyPGZ9VvvmosBEzN73oSJoVpKf4O2LvYvv9NI3Ba3un%2BgEEQCtTXil4OHtn%2BCbRq8Y8A9iM1cIt48EAZJNTg3J%2B9nTJSU9ezQ1ljpNleuXFE4mBsT3aVXZM9y7rrNxep2VQrCIaXy7dJ1iQ8o%2BoaAR%2FjldJo5nFvLl6yIkR%2Ffo4W3ab45iIp8F8kKsD5IXzrfdMmP05mMhKYtgezyQ9Sn4rH7HE%2Br%2BUWXO%2F27RnksqAErxGN%2B%2FMn2dmOVDrKlRLC3Z7QBAgqjw%3D%3D","environmentVariables":{"SMTP_HOST":"mail.gmx.net","SMTP_USER":"Wedding-App","SMTP_PASS":"4WZQZZ5N2QV3PE7MKR5D","EMAIL_FROM":"4secrets-wedding@gmx.de","FIREBASE_CONFIG":"{\"projectId\":\"secrets-wedding\",\"storageBucket\":\"secrets-wedding.firebasestorage.app\"}","GCLOUD_PROJECT":"secrets-wedding","EVENTARC_CLOUD_EVENT_SOURCE":"projects/secrets-wedding/locations/us-central1/functions/emailService"},"runtime":"nodejs20","buildId":"f18f54e3-a511-4b38-bf8d-42f4373b2a01","buildEnvironmentVariables":{"GOOGLE_NODE_RUN_SCRIPTS":""},"buildName":"projects/969854232661/locations/us-central1/builds/f18f54e3-a511-4b38-bf8d-42f4373b2a01","dockerRegistry":"ARTIFACT_REGISTRY","automaticUpdatePolicy":{},"buildServiceAccount":"projects/secrets-wedding/serviceAccounts/969854232661-compute@developer.gserviceaccount.com"},"versionId":"19","updateTime":"2025-07-09T16:30:40Z"}}
[debug] [2025-07-09T16:30:42.371Z] [update-default-us-central1-emailService] Retrying task index 0
[debug] [2025-07-09T16:30:42.371Z] Checked if tokens are valid: true, expires at: 1752082215973
[debug] [2025-07-09T16:30:42.371Z] Checked if tokens are valid: true, expires at: 1752082215973
[debug] [2025-07-09T16:30:42.371Z] >>> [apiv2][query] GET https://cloudfunctions.googleapis.com/v1/operations/c2VjcmV0cy13ZWRkaW5nL3VzLWNlbnRyYWwxL2VtYWlsU2VydmljZS9SZVpyTkRUYTdYQQ [none]
[debug] [2025-07-09T16:30:42.719Z] <<< [apiv2][status] GET https://cloudfunctions.googleapis.com/v1/operations/c2VjcmV0cy13ZWRkaW5nL3VzLWNlbnRyYWwxL2VtYWlsU2VydmljZS9SZVpyTkRUYTdYQQ 200
[debug] [2025-07-09T16:30:42.719Z] <<< [apiv2][body] GET https://cloudfunctions.googleapis.com/v1/operations/c2VjcmV0cy13ZWRkaW5nL3VzLWNlbnRyYWwxL2VtYWlsU2VydmljZS9SZVpyTkRUYTdYQQ {"name":"operations/c2VjcmV0cy13ZWRkaW5nL3VzLWNlbnRyYWwxL2VtYWlsU2VydmljZS9SZVpyTkRUYTdYQQ","metadata":{"@type":"type.googleapis.com/google.cloud.functions.v1.OperationMetadataV1","target":"projects/secrets-wedding/locations/us-central1/functions/emailService","type":"UPDATE_FUNCTION","request":{"@type":"type.googleapis.com/google.cloud.functions.v1.CloudFunction","name":"projects/secrets-wedding/locations/us-central1/functions/emailService","httpsTrigger":{"url":"https://us-central1-secrets-wedding.cloudfunctions.net/emailService","securityLevel":"SECURE_ALWAYS"},"status":"ACTIVE","entryPoint":"emailService","updateTime":"2025-07-06T01:25:27.127Z","versionId":"18","labels":{"deployment-tool":"cli-firebase","firebase-functions-hash":"2b97f97ce78fd50481609298e58fe0a44f0e7d0e"},"sourceUploadUrl":"https://storage.googleapis.com/uploads-289104099288.us-central1.cloudfunctions.appspot.com/65ddb5cd-3a85-45ea-bc8a-84c768db0f66.zip?GoogleAccessId=service-969854232661@gcf-admin-robot.iam.gserviceaccount.com&Expires=1752080438&Signature=qAw4izNTh%2FyyPkzUV8WoVBNsJF6QUsLwdIa%2BlYQNdymv19gttO4BtkCkMYFzbqU9J8cgYOcVFpbmgyPGZ9VvvmosBEzN73oSJoVpKf4O2LvYvv9NI3Ba3un%2BgEEQCtTXil4OHtn%2BCbRq8Y8A9iM1cIt48EAZJNTg3J%2B9nTJSU9ezQ1ljpNleuXFE4mBsT3aVXZM9y7rrNxep2VQrCIaXy7dJ1iQ8o%2BoaAR%2FjldJo5nFvLl6yIkR%2Ffo4W3ab45iIp8F8kKsD5IXzrfdMmP05mMhKYtgezyQ9Sn4rH7HE%2Br%2BUWXO%2F27RnksqAErxGN%2B%2FMn2dmOVDrKlRLC3Z7QBAgqjw%3D%3D","environmentVariables":{"SMTP_HOST":"mail.gmx.net","SMTP_USER":"Wedding-App","SMTP_PASS":"4WZQZZ5N2QV3PE7MKR5D","EMAIL_FROM":"4secrets-wedding@gmx.de","FIREBASE_CONFIG":"{\"projectId\":\"secrets-wedding\",\"storageBucket\":\"secrets-wedding.firebasestorage.app\"}","GCLOUD_PROJECT":"secrets-wedding","EVENTARC_CLOUD_EVENT_SOURCE":"projects/secrets-wedding/locations/us-central1/functions/emailService"},"runtime":"nodejs20","buildId":"f18f54e3-a511-4b38-bf8d-42f4373b2a01","buildEnvironmentVariables":{"GOOGLE_NODE_RUN_SCRIPTS":""},"buildName":"projects/969854232661/locations/us-central1/builds/f18f54e3-a511-4b38-bf8d-42f4373b2a01","dockerRegistry":"ARTIFACT_REGISTRY","automaticUpdatePolicy":{},"buildServiceAccount":"projects/secrets-wedding/serviceAccounts/969854232661-compute@developer.gserviceaccount.com"},"versionId":"19","updateTime":"2025-07-09T16:30:40Z","buildId":"09e06bac-34b1-420a-b8c6-09e846b6c814","buildName":"projects/969854232661/locations/us-central1/builds/09e06bac-34b1-420a-b8c6-09e846b6c814"}}
[debug] [2025-07-09T16:30:58.462Z] [update-default-us-central1-emailService] Retrying task index 0
[debug] [2025-07-09T16:30:58.463Z] Checked if tokens are valid: true, expires at: 1752082215973
[debug] [2025-07-09T16:30:58.463Z] Checked if tokens are valid: true, expires at: 1752082215973
[debug] [2025-07-09T16:30:58.463Z] >>> [apiv2][query] GET https://cloudfunctions.googleapis.com/v1/operations/c2VjcmV0cy13ZWRkaW5nL3VzLWNlbnRyYWwxL2VtYWlsU2VydmljZS9SZVpyTkRUYTdYQQ [none]
[debug] [2025-07-09T16:30:59.136Z] <<< [apiv2][status] GET https://cloudfunctions.googleapis.com/v1/operations/c2VjcmV0cy13ZWRkaW5nL3VzLWNlbnRyYWwxL2VtYWlsU2VydmljZS9SZVpyTkRUYTdYQQ 200
[debug] [2025-07-09T16:30:59.136Z] <<< [apiv2][body] GET https://cloudfunctions.googleapis.com/v1/operations/c2VjcmV0cy13ZWRkaW5nL3VzLWNlbnRyYWwxL2VtYWlsU2VydmljZS9SZVpyTkRUYTdYQQ {"name":"operations/c2VjcmV0cy13ZWRkaW5nL3VzLWNlbnRyYWwxL2VtYWlsU2VydmljZS9SZVpyTkRUYTdYQQ","metadata":{"@type":"type.googleapis.com/google.cloud.functions.v1.OperationMetadataV1","target":"projects/secrets-wedding/locations/us-central1/functions/emailService","type":"UPDATE_FUNCTION","request":{"@type":"type.googleapis.com/google.cloud.functions.v1.CloudFunction","name":"projects/secrets-wedding/locations/us-central1/functions/emailService","httpsTrigger":{"url":"https://us-central1-secrets-wedding.cloudfunctions.net/emailService","securityLevel":"SECURE_ALWAYS"},"status":"ACTIVE","entryPoint":"emailService","updateTime":"2025-07-06T01:25:27.127Z","versionId":"18","labels":{"deployment-tool":"cli-firebase","firebase-functions-hash":"2b97f97ce78fd50481609298e58fe0a44f0e7d0e"},"sourceUploadUrl":"https://storage.googleapis.com/uploads-289104099288.us-central1.cloudfunctions.appspot.com/65ddb5cd-3a85-45ea-bc8a-84c768db0f66.zip?GoogleAccessId=service-969854232661@gcf-admin-robot.iam.gserviceaccount.com&Expires=1752080438&Signature=qAw4izNTh%2FyyPkzUV8WoVBNsJF6QUsLwdIa%2BlYQNdymv19gttO4BtkCkMYFzbqU9J8cgYOcVFpbmgyPGZ9VvvmosBEzN73oSJoVpKf4O2LvYvv9NI3Ba3un%2BgEEQCtTXil4OHtn%2BCbRq8Y8A9iM1cIt48EAZJNTg3J%2B9nTJSU9ezQ1ljpNleuXFE4mBsT3aVXZM9y7rrNxep2VQrCIaXy7dJ1iQ8o%2BoaAR%2FjldJo5nFvLl6yIkR%2Ffo4W3ab45iIp8F8kKsD5IXzrfdMmP05mMhKYtgezyQ9Sn4rH7HE%2Br%2BUWXO%2F27RnksqAErxGN%2B%2FMn2dmOVDrKlRLC3Z7QBAgqjw%3D%3D","environmentVariables":{"SMTP_HOST":"mail.gmx.net","SMTP_USER":"Wedding-App","SMTP_PASS":"4WZQZZ5N2QV3PE7MKR5D","EMAIL_FROM":"4secrets-wedding@gmx.de","FIREBASE_CONFIG":"{\"projectId\":\"secrets-wedding\",\"storageBucket\":\"secrets-wedding.firebasestorage.app\"}","GCLOUD_PROJECT":"secrets-wedding","EVENTARC_CLOUD_EVENT_SOURCE":"projects/secrets-wedding/locations/us-central1/functions/emailService"},"runtime":"nodejs20","buildId":"f18f54e3-a511-4b38-bf8d-42f4373b2a01","buildEnvironmentVariables":{"GOOGLE_NODE_RUN_SCRIPTS":""},"buildName":"projects/969854232661/locations/us-central1/builds/f18f54e3-a511-4b38-bf8d-42f4373b2a01","dockerRegistry":"ARTIFACT_REGISTRY","automaticUpdatePolicy":{},"buildServiceAccount":"projects/secrets-wedding/serviceAccounts/969854232661-compute@developer.gserviceaccount.com"},"versionId":"19","updateTime":"2025-07-09T16:30:40Z","buildId":"09e06bac-34b1-420a-b8c6-09e846b6c814","buildName":"projects/969854232661/locations/us-central1/builds/09e06bac-34b1-420a-b8c6-09e846b6c814"}}
[debug] [2025-07-09T16:31:03.137Z] [update-default-us-central1-emailService] Retrying task index 0
[debug] [2025-07-09T16:31:03.138Z] Checked if tokens are valid: true, expires at: 1752082215973
[debug] [2025-07-09T16:31:03.138Z] Checked if tokens are valid: true, expires at: 1752082215973
[debug] [2025-07-09T16:31:03.138Z] >>> [apiv2][query] GET https://cloudfunctions.googleapis.com/v1/operations/c2VjcmV0cy13ZWRkaW5nL3VzLWNlbnRyYWwxL2VtYWlsU2VydmljZS9SZVpyTkRUYTdYQQ [none]
[debug] [2025-07-09T16:31:03.458Z] <<< [apiv2][status] GET https://cloudfunctions.googleapis.com/v1/operations/c2VjcmV0cy13ZWRkaW5nL3VzLWNlbnRyYWwxL2VtYWlsU2VydmljZS9SZVpyTkRUYTdYQQ 200
[debug] [2025-07-09T16:31:03.459Z] <<< [apiv2][body] GET https://cloudfunctions.googleapis.com/v1/operations/c2VjcmV0cy13ZWRkaW5nL3VzLWNlbnRyYWwxL2VtYWlsU2VydmljZS9SZVpyTkRUYTdYQQ {"name":"operations/c2VjcmV0cy13ZWRkaW5nL3VzLWNlbnRyYWwxL2VtYWlsU2VydmljZS9SZVpyTkRUYTdYQQ","metadata":{"@type":"type.googleapis.com/google.cloud.functions.v1.OperationMetadataV1","target":"projects/secrets-wedding/locations/us-central1/functions/emailService","type":"UPDATE_FUNCTION","request":{"@type":"type.googleapis.com/google.cloud.functions.v1.CloudFunction","name":"projects/secrets-wedding/locations/us-central1/functions/emailService","httpsTrigger":{"url":"https://us-central1-secrets-wedding.cloudfunctions.net/emailService","securityLevel":"SECURE_ALWAYS"},"status":"ACTIVE","entryPoint":"emailService","updateTime":"2025-07-06T01:25:27.127Z","versionId":"18","labels":{"deployment-tool":"cli-firebase","firebase-functions-hash":"2b97f97ce78fd50481609298e58fe0a44f0e7d0e"},"sourceUploadUrl":"https://storage.googleapis.com/uploads-289104099288.us-central1.cloudfunctions.appspot.com/65ddb5cd-3a85-45ea-bc8a-84c768db0f66.zip?GoogleAccessId=service-969854232661@gcf-admin-robot.iam.gserviceaccount.com&Expires=1752080438&Signature=qAw4izNTh%2FyyPkzUV8WoVBNsJF6QUsLwdIa%2BlYQNdymv19gttO4BtkCkMYFzbqU9J8cgYOcVFpbmgyPGZ9VvvmosBEzN73oSJoVpKf4O2LvYvv9NI3Ba3un%2BgEEQCtTXil4OHtn%2BCbRq8Y8A9iM1cIt48EAZJNTg3J%2B9nTJSU9ezQ1ljpNleuXFE4mBsT3aVXZM9y7rrNxep2VQrCIaXy7dJ1iQ8o%2BoaAR%2FjldJo5nFvLl6yIkR%2Ffo4W3ab45iIp8F8kKsD5IXzrfdMmP05mMhKYtgezyQ9Sn4rH7HE%2Br%2BUWXO%2F27RnksqAErxGN%2B%2FMn2dmOVDrKlRLC3Z7QBAgqjw%3D%3D","environmentVariables":{"SMTP_HOST":"mail.gmx.net","SMTP_USER":"Wedding-App","SMTP_PASS":"4WZQZZ5N2QV3PE7MKR5D","EMAIL_FROM":"4secrets-wedding@gmx.de","FIREBASE_CONFIG":"{\"projectId\":\"secrets-wedding\",\"storageBucket\":\"secrets-wedding.firebasestorage.app\"}","GCLOUD_PROJECT":"secrets-wedding","EVENTARC_CLOUD_EVENT_SOURCE":"projects/secrets-wedding/locations/us-central1/functions/emailService"},"runtime":"nodejs20","buildId":"f18f54e3-a511-4b38-bf8d-42f4373b2a01","buildEnvironmentVariables":{"GOOGLE_NODE_RUN_SCRIPTS":""},"buildName":"projects/969854232661/locations/us-central1/builds/f18f54e3-a511-4b38-bf8d-42f4373b2a01","dockerRegistry":"ARTIFACT_REGISTRY","automaticUpdatePolicy":{},"buildServiceAccount":"projects/secrets-wedding/serviceAccounts/969854232661-compute@developer.gserviceaccount.com"},"versionId":"19","updateTime":"2025-07-09T16:30:40Z","buildId":"09e06bac-34b1-420a-b8c6-09e846b6c814","buildName":"projects/969854232661/locations/us-central1/builds/09e06bac-34b1-420a-b8c6-09e846b6c814"}}
[debug] [2025-07-09T16:31:11.461Z] [update-default-us-central1-emailService] Retrying task index 0
[debug] [2025-07-09T16:31:11.461Z] Checked if tokens are valid: true, expires at: 1752082215973
[debug] [2025-07-09T16:31:11.461Z] Checked if tokens are valid: true, expires at: 1752082215973
[debug] [2025-07-09T16:31:11.461Z] >>> [apiv2][query] GET https://cloudfunctions.googleapis.com/v1/operations/c2VjcmV0cy13ZWRkaW5nL3VzLWNlbnRyYWwxL2VtYWlsU2VydmljZS9SZVpyTkRUYTdYQQ [none]
[debug] Task index 0 failed: timed out after 1500000ms.
[error] Task index 0 failed: timed out after 1500000ms.
